### 28.12.2019 17:35:51
orders


### 28.12.2019 17:35:51
favicon.ico


### 28.12.2019 17:36:37
orders


### 28.12.2019 17:36:37
favicon.ico


### 28.12.2019 17:41:29
basket


### 28.12.2019 17:41:29
favicon.ico


### 28.12.2019 17:41:31
feedback


### 28.12.2019 17:41:31
favicon.ico


### 28.12.2019 17:41:32
catalog


### 28.12.2019 17:41:33
favicon.ico


### 28.12.2019 17:41:35
news


### 28.12.2019 17:41:35
favicon.ico


### 28.12.2019 17:41:36
index


### 28.12.2019 17:41:36
favicon.ico


### 28.12.2019 17:41:37
orders


### 28.12.2019 17:41:38
favicon.ico


### 28.12.2019 17:41:39
basket


### 28.12.2019 17:41:40
favicon.ico


### 28.12.2019 17:44:36
basket


### 28.12.2019 17:44:36
favicon.ico


### 28.12.2019 17:44:46
feedback


### 28.12.2019 17:44:46
favicon.ico


### 28.12.2019 17:44:47
orders


### 28.12.2019 17:44:47
favicon.ico


### 28.12.2019 17:44:48
basket


### 28.12.2019 17:44:48
favicon.ico


### 28.12.2019 17:45:30
basket


### 28.12.2019 17:45:30
favicon.ico


### 28.12.2019 17:45:37
logout


### 28.12.2019 17:45:37
index


### 28.12.2019 17:45:37
favicon.ico


### 28.12.2019 17:45:41
login


### 28.12.2019 17:45:41
index


### 28.12.2019 17:45:42
favicon.ico


### 28.12.2019 17:45:43
basket


### 28.12.2019 17:45:44
favicon.ico


### 28.12.2019 17:48:38
logout


### 28.12.2019 17:48:39
index


### 28.12.2019 17:48:39
favicon.ico


### 28.12.2019 17:48:43
login


### 28.12.2019 17:48:43
index


### 28.12.2019 17:48:43
favicon.ico


### 28.12.2019 17:48:45
orders


### 28.12.2019 17:48:45
favicon.ico


### 28.12.2019 17:48:50
orders


### 28.12.2019 17:48:50
favicon.ico


### 28.12.2019 17:48:52
order


### 28.12.2019 17:48:53
favicon.ico


### 28.12.2019 17:48:56
orders


### 28.12.2019 17:48:56
favicon.ico


### 28.12.2019 17:53:07
orders


### 28.12.2019 17:53:08
favicon.ico


### 28.12.2019 17:58:26
order


### 28.12.2019 17:58:26
favicon.ico


### 28.12.2019 17:58:47
order


### 28.12.2019 17:58:47
favicon.ico


### 28.12.2019 17:58:49
order


### 28.12.2019 17:58:51
favicon.ico


### 28.12.2019 17:58:52
orders


### 28.12.2019 17:58:53
favicon.ico


### 28.12.2019 17:59:19
orders


### 28.12.2019 17:59:19
favicon.ico


### 28.12.2019 18:02:26
orders


### 28.12.2019 18:02:26
favicon.ico


### 28.12.2019 18:02:32
orders


### 28.12.2019 18:02:33
favicon.ico


### 28.12.2019 18:02:56
orders


### 28.12.2019 18:02:56
favicon.ico


### 28.12.2019 18:04:55
orders


### 28.12.2019 18:04:55
favicon.ico


### 28.12.2019 18:05:20
orders


### 28.12.2019 18:05:21
favicon.ico


### 28.12.2019 18:06:01
orders


### 28.12.2019 18:06:01
favicon.ico


### 28.12.2019 18:06:19
orders


### 28.12.2019 18:06:20
favicon.ico


### 28.12.2019 18:08:18
orders


### 28.12.2019 18:08:18
favicon.ico


### 28.12.2019 18:10:00
orders


### 28.12.2019 18:10:00
favicon.ico


### 28.12.2019 18:10:15
orders


### 28.12.2019 18:10:15
favicon.ico


### 28.12.2019 18:10:51
orders


### 28.12.2019 18:10:52
favicon.ico


### 28.12.2019 18:11:05
order


### 28.12.2019 18:11:06
favicon.ico


### 28.12.2019 18:11:16
orders


### 28.12.2019 18:11:16
favicon.ico


### 28.12.2019 18:11:46
orders


### 28.12.2019 18:11:46
favicon.ico


### 28.12.2019 18:12:11
orders


### 28.12.2019 18:12:11
favicon.ico


### 28.12.2019 18:13:43
orders


### 28.12.2019 18:13:43
favicon.ico


### 28.12.2019 18:13:54
orders


### 28.12.2019 18:13:55
favicon.ico


### 28.12.2019 18:14:11
orders


### 28.12.2019 18:14:11
favicon.ico


### 28.12.2019 18:14:29
orders


### 28.12.2019 18:14:29
favicon.ico


### 28.12.2019 18:14:48
orders


### 28.12.2019 18:14:48
favicon.ico


### 28.12.2019 18:15:36
orders


### 28.12.2019 18:15:36
favicon.ico


### 28.12.2019 18:15:54
orders


### 28.12.2019 18:15:55
favicon.ico


### 28.12.2019 18:16:13
orders


### 28.12.2019 18:16:13
favicon.ico


### 28.12.2019 18:16:40
orders


### 28.12.2019 18:16:41
favicon.ico


### 28.12.2019 18:17:34
orders


### 28.12.2019 18:17:34
favicon.ico


### 28.12.2019 18:18:16
orders


### 28.12.2019 18:18:17
favicon.ico


### 28.12.2019 18:18:30
orders


### 28.12.2019 18:18:30
favicon.ico


### 28.12.2019 18:22:46
orders


### 28.12.2019 18:22:47
favicon.ico


### 28.12.2019 18:22:51
order


### 28.12.2019 18:22:52
favicon.ico


### 28.12.2019 18:22:54
orders


### 28.12.2019 18:22:54
favicon.ico


### 28.12.2019 18:23:41
orders


### 28.12.2019 18:23:42
favicon.ico


### 28.12.2019 18:25:15
orders


### 28.12.2019 18:25:16
favicon.ico


### 28.12.2019 18:26:07
orders


### 28.12.2019 18:26:07
favicon.ico


### 28.12.2019 18:26:58
orders


### 28.12.2019 18:26:58
favicon.ico


### 28.12.2019 18:27:25
orders


### 28.12.2019 18:27:25
favicon.ico


### 28.12.2019 18:28:16
orders


### 28.12.2019 18:28:17
favicon.ico


### 28.12.2019 18:29:29
orders


### 28.12.2019 18:29:29
favicon.ico


### 28.12.2019 18:29:37
orders


### 28.12.2019 18:29:38
favicon.ico


### 28.12.2019 18:30:02
orders


### 28.12.2019 18:30:02
favicon.ico


### 28.12.2019 18:36:32
order


### 28.12.2019 18:36:33
favicon.ico


### 28.12.2019 18:36:42
orders


### 28.12.2019 18:36:43
favicon.ico


### 28.12.2019 18:36:52
logout


### 28.12.2019 18:36:53
index


### 28.12.2019 18:36:53
favicon.ico


### 28.12.2019 18:37:03
favicon.ico


### 28.12.2019 18:37:05
index


### 28.12.2019 18:37:05
favicon.ico


### 28.12.2019 18:37:10
favicon.ico


### 28.12.2019 18:37:37
index


### 28.12.2019 18:37:37
favicon.ico


### 28.12.2019 18:37:40
favicon.ico


### 28.12.2019 18:37:42
index


### 28.12.2019 18:37:42
favicon.ico


### 28.12.2019 18:37:45
favicon.ico


### 28.12.2019 18:37:46
index


### 28.12.2019 18:37:47
favicon.ico


### 28.12.2019 18:37:49
favicon.ico


### 28.12.2019 18:37:50
index


### 28.12.2019 18:37:51
favicon.ico


### 28.12.2019 18:37:52
index


### 28.12.2019 18:37:52
favicon.ico


### 28.12.2019 18:38:00
favicon.ico


### 28.12.2019 18:38:01
index


### 28.12.2019 18:38:01
favicon.ico


### 28.12.2019 18:38:06
favicon.ico


### 28.12.2019 18:38:07
index


### 28.12.2019 18:38:08
favicon.ico


### 28.12.2019 18:38:14
login


### 28.12.2019 18:38:14
index


### 28.12.2019 18:38:14
favicon.ico


### 28.12.2019 18:38:17
catalog


### 28.12.2019 18:38:19
favicon.ico


### 28.12.2019 18:38:34
basket


### 28.12.2019 18:38:35
favicon.ico


### 28.12.2019 18:38:49
logout


### 28.12.2019 18:38:49
index


### 28.12.2019 18:38:50
favicon.ico


### 28.12.2019 18:38:53
login


### 28.12.2019 18:38:54
index


### 28.12.2019 18:38:54
favicon.ico


### 28.12.2019 18:38:56
orders


### 28.12.2019 18:38:56
favicon.ico


### 28.12.2019 18:38:58
order


### 28.12.2019 18:38:59
favicon.ico


### 28.12.2019 18:39:03
orders


### 28.12.2019 18:39:04
favicon.ico


### 28.12.2019 18:40:05
orders


### 28.12.2019 18:40:05
favicon.ico


### 28.12.2019 18:42:28
index


### 28.12.2019 18:42:28
favicon.ico


### 28.12.2019 18:43:42
index


### 28.12.2019 18:43:42
favicon.ico


### 28.12.2019 18:44:28
index


### 28.12.2019 18:44:28
favicon.ico


### 28.12.2019 18:55:04
index


### 28.12.2019 18:55:04
favicon.ico


### 28.12.2019 18:55:13
index


### 28.12.2019 18:55:14
favicon.ico


### 28.12.2019 18:55:29
orders


### 28.12.2019 18:55:30
favicon.ico


### 28.12.2019 18:55:31
order


### 28.12.2019 18:55:32
favicon.ico


### 28.12.2019 18:55:33
orders


### 28.12.2019 18:55:34
favicon.ico


### 28.12.2019 18:58:50
basket


### 28.12.2019 18:58:50
favicon.ico


### 28.12.2019 18:58:52
orders


### 28.12.2019 18:58:52
favicon.ico


### 28.12.2019 18:59:10
orders


### 28.12.2019 18:59:10
favicon.ico


### 28.12.2019 18:59:12
orders


### 28.12.2019 18:59:12
favicon.ico


### 28.12.2019 19:02:13
orders


### 28.12.2019 19:02:13
favicon.ico


### 28.12.2019 19:04:14
orders


### 28.12.2019 19:04:14
favicon.ico


### 28.12.2019 19:07:22
orders


### 28.12.2019 19:07:23
favicon.ico


### 28.12.2019 19:07:28
catalog


### 28.12.2019 19:07:29
favicon.ico


### 28.12.2019 19:08:03
catalog


### 28.12.2019 19:08:04
favicon.ico


### 28.12.2019 19:08:07
basket


### 28.12.2019 19:08:07
favicon.ico


### 28.12.2019 19:08:17
orders


### 28.12.2019 19:08:17
favicon.ico


### 28.12.2019 19:08:19
order


### 28.12.2019 19:08:20
favicon.ico


### 28.12.2019 19:08:26
orders


### 28.12.2019 19:08:26
favicon.ico


### 28.12.2019 19:08:31
index


### 28.12.2019 19:08:31
favicon.ico


### 28.12.2019 19:08:32
news


### 28.12.2019 19:08:33
favicon.ico


### 28.12.2019 19:08:34
newspage


### 28.12.2019 19:08:34
favicon.ico


### 28.12.2019 19:08:35
news


### 28.12.2019 19:08:36
favicon.ico


### 28.12.2019 19:08:38
catalog


### 28.12.2019 19:08:39
favicon.ico


### 28.12.2019 19:08:51
feedback


### 28.12.2019 19:08:51
favicon.ico


### 28.12.2019 19:08:56
basket


### 28.12.2019 19:08:57
favicon.ico


### 28.12.2019 19:08:58
orders


### 28.12.2019 19:08:58
favicon.ico


### 28.12.2019 19:08:59
basket


### 28.12.2019 19:09:00
favicon.ico


### 28.12.2019 19:09:00
feedback


### 28.12.2019 19:09:00
favicon.ico


### 28.12.2019 19:09:04
orders


### 28.12.2019 19:09:05
favicon.ico


### 28.12.2019 19:10:31
basket


### 28.12.2019 19:10:31
favicon.ico


### 28.12.2019 19:10:33
orders


### 28.12.2019 19:10:33
favicon.ico


### 28.12.2019 19:11:03
orders


### 28.12.2019 19:11:04
favicon.ico


### 28.12.2019 19:11:27
orders


### 28.12.2019 19:11:27
favicon.ico


### 28.12.2019 19:11:27
basket


### 28.12.2019 19:11:28
favicon.ico


### 28.12.2019 19:13:51
orders


### 28.12.2019 19:13:52
favicon.ico


### 28.12.2019 19:14:23
orders


### 28.12.2019 19:14:23
favicon.ico


### 28.12.2019 19:14:32
orders


### 28.12.2019 19:14:33
favicon.ico


### 28.12.2019 19:14:34
orders


### 28.12.2019 19:14:34
favicon.ico


### 28.12.2019 19:15:40
orders


### 28.12.2019 19:15:41
favicon.ico


### 28.12.2019 19:15:50
orders


### 28.12.2019 19:15:50
favicon.ico


### 28.12.2019 19:16:15
orders


### 28.12.2019 19:16:15
favicon.ico


### 28.12.2019 19:16:29
orders


### 28.12.2019 19:16:30
favicon.ico


### 28.12.2019 19:16:41
order


### 28.12.2019 19:16:42
favicon.ico


### 28.12.2019 19:16:53
orders


### 28.12.2019 19:16:54
favicon.ico


### 28.12.2019 19:16:56
basket


### 28.12.2019 19:16:57
favicon.ico


### 28.12.2019 19:16:59
feedback


### 28.12.2019 19:17:00
favicon.ico


### 28.12.2019 19:17:01
catalog


### 28.12.2019 19:17:02
favicon.ico


### 28.12.2019 19:17:03
news


### 28.12.2019 19:17:04
favicon.ico


### 28.12.2019 19:17:05
index


### 28.12.2019 19:17:06
favicon.ico


### 28.12.2019 19:17:08
basket


### 28.12.2019 19:17:09
favicon.ico


### 28.12.2019 19:17:10
orders


### 28.12.2019 19:17:10
favicon.ico


### 28.12.2019 19:19:41
catalog


### 28.12.2019 19:19:42
favicon.ico


### 28.12.2019 19:22:12
catalog


### 28.12.2019 19:22:13
favicon.ico


### 28.12.2019 19:22:14
index


### 28.12.2019 19:22:14
favicon.ico


### 28.12.2019 19:22:15
news


### 28.12.2019 19:22:15
favicon.ico


### 28.12.2019 19:22:16
catalog


### 28.12.2019 19:22:17
favicon.ico


### 28.12.2019 19:22:22
basket


### 28.12.2019 19:22:22
favicon.ico


### 28.12.2019 19:22:27
orders


### 28.12.2019 19:22:27
favicon.ico


### 28.12.2019 19:22:28
order


### 28.12.2019 19:22:29
favicon.ico


### 28.12.2019 19:22:31
orders


### 28.12.2019 19:22:31
favicon.ico


### 28.12.2019 19:22:32
order


### 28.12.2019 19:22:33
favicon.ico


### 28.12.2019 19:22:37
orders


### 28.12.2019 19:22:37
favicon.ico


### 28.12.2019 19:23:42
catalog


### 28.12.2019 19:23:43
favicon.ico


### 28.12.2019 19:23:43
basket


### 28.12.2019 19:23:43
favicon.ico


### 28.12.2019 19:36:39
news


### 28.12.2019 19:36:40
favicon.ico


### 28.12.2019 19:36:41
catalog


### 28.12.2019 19:36:41
favicon.ico


### 28.12.2019 19:36:42
feedback


### 28.12.2019 19:36:43
favicon.ico


### 28.12.2019 19:36:44
basket


### 28.12.2019 19:36:44
favicon.ico


### 28.12.2019 19:36:46
orders


### 28.12.2019 19:36:46
favicon.ico


### 28.12.2019 19:36:49
order


### 28.12.2019 19:36:49
favicon.ico


### 28.12.2019 19:36:51
orders


### 28.12.2019 19:36:51
favicon.ico


### 28.12.2019 19:36:55
order


### 28.12.2019 19:36:55
favicon.ico


### 28.12.2019 19:36:58
orders


### 28.12.2019 19:36:58
favicon.ico


### 28.12.2019 19:37:01
catalog


### 28.12.2019 19:37:01
favicon.ico


### 28.12.2019 19:37:09
index


### 28.12.2019 19:37:09
favicon.ico


### 28.12.2019 19:37:12
catalog


### 28.12.2019 19:37:13
favicon.ico


### 28.12.2019 19:38:53
catalog


### 28.12.2019 19:38:54
favicon.ico


### 28.12.2019 19:39:44
basket


### 28.12.2019 19:39:45
favicon.ico


### 28.12.2019 19:41:53
basket


### 28.12.2019 19:41:58
news


### 28.12.2019 19:41:58
favicon.ico


### 28.12.2019 19:41:59
catalog


### 28.12.2019 19:42:00
favicon.ico


### 28.12.2019 19:42:00
feedback


### 28.12.2019 19:42:00
favicon.ico


### 28.12.2019 19:42:01
orders


### 28.12.2019 19:42:01
favicon.ico


### 28.12.2019 19:42:04
basket


### 28.12.2019 19:42:04
favicon.ico


### 28.12.2019 19:42:05
feedback


### 28.12.2019 19:42:06
favicon.ico


### 28.12.2019 19:42:06
news


### 28.12.2019 19:42:07
favicon.ico


### 28.12.2019 19:42:07
index


### 28.12.2019 19:42:07
favicon.ico


### 28.12.2019 19:42:08
basket


### 28.12.2019 19:42:09
favicon.ico


### 28.12.2019 19:42:12
orders


### 28.12.2019 19:42:13
favicon.ico


### 28.12.2019 19:42:14
order


### 28.12.2019 19:42:14
favicon.ico


### 28.12.2019 19:45:12
orders


### 28.12.2019 19:45:13
favicon.ico


### 28.12.2019 19:45:14
index


### 28.12.2019 19:45:14
favicon.ico


### 28.12.2019 19:45:15
news


### 28.12.2019 19:45:16
favicon.ico


### 28.12.2019 19:45:19
newspage


### 28.12.2019 19:45:19
favicon.ico


### 28.12.2019 19:45:22
news


### 28.12.2019 19:45:22
favicon.ico


### 28.12.2019 19:46:02
news


### 28.12.2019 19:46:03
favicon.ico


### 28.12.2019 19:46:15
catalog


### 28.12.2019 19:46:15
favicon.ico


### 28.12.2019 19:46:20
basket


### 28.12.2019 19:46:20
favicon.ico


### 28.12.2019 19:46:32
orders


### 28.12.2019 19:46:32
favicon.ico


### 28.12.2019 19:46:35
order


### 28.12.2019 19:46:35
favicon.ico


### 28.12.2019 19:46:39
orders


### 28.12.2019 19:46:39
favicon.ico


### 28.12.2019 19:46:40
order


### 28.12.2019 19:46:41
favicon.ico


### 28.12.2019 19:46:43
orders


### 28.12.2019 19:46:44
favicon.ico


### 28.12.2019 19:49:17
feedback


### 28.12.2019 19:49:17
favicon.ico


### 28.12.2019 19:49:24
feedback


### 28.12.2019 19:49:24
favicon.ico


### 28.12.2019 19:49:27
feedback


### 28.12.2019 19:49:28
feedback


### 28.12.2019 19:49:28
favicon.ico


### 28.12.2019 19:49:32
news


### 28.12.2019 19:49:32
favicon.ico


### 28.12.2019 19:49:35
newspage


### 28.12.2019 19:49:35
favicon.ico


### 28.12.2019 19:49:36
news


### 28.12.2019 19:49:37
favicon.ico


### 28.12.2019 19:53:36
news


### 28.12.2019 19:53:36
favicon.ico


### 28.12.2019 19:53:51
news


### 28.12.2019 19:53:51
favicon.ico


### 28.12.2019 19:56:35
news


### 28.12.2019 19:56:35
favicon.ico


### 28.12.2019 19:57:42
news


### 28.12.2019 19:57:43
favicon.ico


### 28.12.2019 19:58:11
news


### 28.12.2019 19:58:11
favicon.ico


### 28.12.2019 19:58:30
news


### 28.12.2019 19:58:31
favicon.ico


### 28.12.2019 19:59:05
news


### 28.12.2019 19:59:05
favicon.ico


### 28.12.2019 20:00:03
news


### 28.12.2019 20:00:03
favicon.ico


### 28.12.2019 20:00:05
news


### 28.12.2019 20:00:05
favicon.ico


### 28.12.2019 20:00:37
news


### 28.12.2019 20:00:38
favicon.ico


### 28.12.2019 20:00:39
news


### 28.12.2019 20:00:39
favicon.ico


### 28.12.2019 20:21:57
logout


### 28.12.2019 20:21:57
index


### 28.12.2019 20:21:57
favicon.ico


### 28.12.2019 20:23:04
favicon.ico


### 28.12.2019 20:23:05
index


### 28.12.2019 20:23:06
favicon.ico


### 28.12.2019 20:25:08
index


### 28.12.2019 20:25:09
favicon.ico


### 28.12.2019 20:27:19
index


### 28.12.2019 20:27:20
favicon.ico


### 28.12.2019 20:27:31
login


### 28.12.2019 20:27:31
index


### 28.12.2019 20:27:31
favicon.ico


### 28.12.2019 20:30:37
index


### 28.12.2019 20:30:37
favicon.ico


### 28.12.2019 20:31:22
index


### 28.12.2019 20:31:22
favicon.ico


### 28.12.2019 20:31:40
logout


### 28.12.2019 20:31:40
index


### 28.12.2019 20:31:40
favicon.ico


### 28.12.2019 20:32:07
login


### 28.12.2019 20:32:07
index


### 28.12.2019 20:32:08
favicon.ico


### 28.12.2019 20:32:52
index


### 28.12.2019 20:32:53
favicon.ico


### 28.12.2019 20:34:55
index


### 28.12.2019 20:34:55
favicon.ico


### 28.12.2019 20:35:24
index


### 28.12.2019 20:35:24
favicon.ico


### 28.12.2019 20:35:44
logout


### 28.12.2019 20:35:44
index


### 28.12.2019 20:35:44
favicon.ico


### 28.12.2019 20:35:49
login


### 28.12.2019 20:35:49
index


### 28.12.2019 20:35:49
favicon.ico


### 28.12.2019 20:35:51
orders


### 28.12.2019 20:35:51
favicon.ico


### 28.12.2019 20:35:54
order


### 28.12.2019 20:35:55
favicon.ico


### 28.12.2019 20:36:02
orders


### 28.12.2019 20:36:02
favicon.ico


### 28.12.2019 20:36:04
order


### 28.12.2019 20:36:04
favicon.ico


### 28.12.2019 20:36:05
orders


### 28.12.2019 20:36:06
favicon.ico


### 28.12.2019 20:36:07
order


### 28.12.2019 20:36:07
favicon.ico


### 28.12.2019 20:36:08
orders


### 28.12.2019 20:36:08
favicon.ico


### 28.12.2019 20:36:09
catalog


### 28.12.2019 20:36:10
favicon.ico


### 28.12.2019 20:36:14
feedback


### 28.12.2019 20:36:14
favicon.ico


### 28.12.2019 20:36:15
catalog


### 28.12.2019 20:36:16
favicon.ico


### 28.12.2019 20:37:11
catalog


### 28.12.2019 20:37:12
favicon.ico


### 28.12.2019 20:37:13
catalog


### 28.12.2019 20:37:18
favicon.ico


### 28.12.2019 20:38:42
catalog


### 28.12.2019 20:38:43
favicon.ico


### 28.12.2019 20:38:44
catalog


### 28.12.2019 20:38:44
favicon.ico


### 28.12.2019 20:38:45
catalog


### 28.12.2019 20:38:45
favicon.ico


### 28.12.2019 20:38:47
news


### 28.12.2019 20:38:47
favicon.ico


### 28.12.2019 20:39:30
news


### 28.12.2019 20:39:30
favicon.ico


### 28.12.2019 20:39:31
news


### 28.12.2019 20:39:31
favicon.ico


### 28.12.2019 20:39:36
news


### 28.12.2019 20:39:36
favicon.ico


### 28.12.2019 20:39:39
basket


### 28.12.2019 20:39:39
favicon.ico


### 28.12.2019 20:39:41
orders


### 28.12.2019 20:39:42
favicon.ico


### 28.12.2019 20:39:43
catalog


### 28.12.2019 20:39:44
news


### 28.12.2019 20:39:45
favicon.ico


### 28.12.2019 20:39:45
catalog


### 28.12.2019 20:39:46
favicon.ico


### 28.12.2019 20:39:53
basket


### 28.12.2019 20:39:53
favicon.ico


### 28.12.2019 20:39:56
basket


### 28.12.2019 20:39:57
favicon.ico


### 28.12.2019 20:40:11
logout


### 28.12.2019 20:40:11
index


### 28.12.2019 20:40:12
favicon.ico


### 28.12.2019 20:41:53
index


### 28.12.2019 20:41:53
favicon.ico


### 28.12.2019 20:42:42
login


### 28.12.2019 20:42:42
index


### 28.12.2019 20:42:43
favicon.ico


### 28.12.2019 20:43:29
logout


### 28.12.2019 20:43:30
index


### 28.12.2019 20:43:30
favicon.ico


### 28.12.2019 20:45:24
index


### 28.12.2019 20:45:25
favicon.ico


### 28.12.2019 20:46:03
index


### 28.12.2019 20:46:04
favicon.ico


### 28.12.2019 20:47:07
index


### 28.12.2019 20:47:07
favicon.ico


### 28.12.2019 20:47:22
index


### 28.12.2019 20:47:23
favicon.ico


### 28.12.2019 20:48:19
index


### 28.12.2019 20:48:19
favicon.ico


### 28.12.2019 20:54:01
index


### 28.12.2019 20:54:01
favicon.ico


### 28.12.2019 20:54:24
login


### 28.12.2019 20:54:25
index


### 28.12.2019 20:54:25
favicon.ico


### 28.12.2019 20:54:33
logout


### 28.12.2019 20:54:33
index


### 28.12.2019 20:54:33
favicon.ico


### 28.12.2019 20:55:05
index


### 28.12.2019 20:55:05
favicon.ico


### 28.12.2019 20:55:10
index


### 28.12.2019 20:55:10
favicon.ico


### 28.12.2019 20:55:12
news


### 28.12.2019 20:55:12
favicon.ico


### 28.12.2019 20:55:13
catalog


### 28.12.2019 20:55:14
favicon.ico


### 28.12.2019 20:55:15
feedback


### 28.12.2019 20:55:16
favicon.ico


### 28.12.2019 20:55:17
basket


### 28.12.2019 20:55:18
favicon.ico


### 28.12.2019 20:55:19
catalog


### 28.12.2019 20:55:20
favicon.ico


### 28.12.2019 20:55:25
login


### 28.12.2019 20:55:25
index


### 28.12.2019 20:55:26
favicon.ico


### 28.12.2019 20:55:28
basket


### 28.12.2019 20:55:28
favicon.ico


### 28.12.2019 20:55:29
orders


### 28.12.2019 20:55:29
favicon.ico


### 28.12.2019 20:55:32
order


### 28.12.2019 20:55:32
favicon.ico


### 28.12.2019 20:55:41
orders


### 28.12.2019 20:55:41
favicon.ico


### 28.12.2019 20:55:43
order


### 28.12.2019 20:55:44
favicon.ico


### 28.12.2019 20:55:49
orders


### 28.12.2019 20:55:50
favicon.ico


### 28.12.2019 20:56:09
catalog


### 28.12.2019 20:56:10
favicon.ico


### 28.12.2019 20:56:13
basket


### 28.12.2019 20:56:13
favicon.ico


### 28.12.2019 20:58:20
basket


### 28.12.2019 20:58:21
favicon.ico


### 28.12.2019 20:58:38
logout


### 28.12.2019 20:58:38
index


### 28.12.2019 20:58:38
favicon.ico


### 28.12.2019 21:31:11
feedback


### 28.12.2019 21:31:11
favicon.ico


### 28.12.2019 21:31:12
news


### 28.12.2019 21:31:12
favicon.ico


### 28.12.2019 21:31:13
catalog


### 28.12.2019 21:31:13
favicon.ico


### 28.12.2019 21:32:28
registration


### 28.12.2019 21:32:28
favicon.ico


### 28.12.2019 21:32:41
login


### 28.12.2019 21:32:41
index


### 28.12.2019 21:32:41
favicon.ico


### 28.12.2019 21:32:43
orders


### 28.12.2019 21:32:43
favicon.ico


### 28.12.2019 21:32:51
order


### 28.12.2019 21:32:51
favicon.ico


### 28.12.2019 21:32:55
orders


### 28.12.2019 21:32:55
favicon.ico


### 28.12.2019 21:32:56
order


### 28.12.2019 21:32:57
favicon.ico


### 28.12.2019 21:32:58
orders


### 28.12.2019 21:32:59
favicon.ico


### 28.12.2019 21:34:36
orders


### 28.12.2019 21:34:37
favicon.ico


### 28.12.2019 21:34:39
orders


### 28.12.2019 21:34:40
favicon.ico


### 28.12.2019 21:34:42
orders


### 28.12.2019 21:34:42
favicon.ico


### 28.12.2019 21:35:47
orders


### 28.12.2019 21:35:48
favicon.ico


### 28.12.2019 21:36:50
orders


### 28.12.2019 21:36:51
favicon.ico


### 28.12.2019 21:36:53
orders


### 28.12.2019 21:36:53
favicon.ico


### 28.12.2019 21:39:42
orders


### 28.12.2019 21:39:42
favicon.ico


### 28.12.2019 21:39:55
news


### 28.12.2019 21:39:55
favicon.ico


### 28.12.2019 21:39:56
index


### 28.12.2019 21:39:56
favicon.ico


### 28.12.2019 21:40:49
index


### 28.12.2019 21:40:49
favicon.ico


### 28.12.2019 21:40:57
login


### 28.12.2019 21:40:57
index


### 28.12.2019 21:40:57
favicon.ico


### 28.12.2019 21:41:01
orders


### 28.12.2019 21:41:01
favicon.ico


### 28.12.2019 21:41:03
order


### 28.12.2019 21:41:04
favicon.ico


### 29.12.2019 11:34:51
index


### 29.12.2019 11:34:52
favicon.ico


### 29.12.2019 11:34:53
news


### 29.12.2019 11:34:53
favicon.ico


### 29.12.2019 11:34:54
catalog


### 29.12.2019 11:34:55
favicon.ico


### 29.12.2019 11:34:56
feedback


### 29.12.2019 11:34:56
favicon.ico


### 29.12.2019 11:34:57
basket


### 29.12.2019 11:34:57
favicon.ico


### 29.12.2019 11:34:58
orders


### 29.12.2019 11:34:59
favicon.ico


### 29.12.2019 11:35:01
order


### 29.12.2019 11:35:01
favicon.ico


### 30.12.2019 15:43:00
index


### 30.12.2019 15:43:01
favicon.ico


### 30.12.2019 15:43:04
feedback


### 30.12.2019 15:43:04
favicon.ico


### 30.12.2019 15:43:05
catalog


### 30.12.2019 15:43:06
favicon.ico


### 30.12.2019 15:43:06
news


### 30.12.2019 15:43:06
favicon.ico


### 30.12.2019 15:43:07
orders


### 30.12.2019 15:43:08
favicon.ico


### 30.12.2019 15:43:12
index


### 30.12.2019 15:43:12
favicon.ico


### 30.12.2019 15:43:14
news


### 30.12.2019 15:43:14
favicon.ico


### 30.12.2019 15:43:15
catalog


### 30.12.2019 15:43:15
favicon.ico


### 30.12.2019 15:43:16
feedback


### 30.12.2019 15:43:17
favicon.ico


